--------------------------------------------------------------------------------
CPU name:	Intel(R) Core(TM) i5-7500 CPU @ 3.40GHz
CPU type:	Intel Coffeelake processor
CPU clock:	3.41 GHz
--------------------------------------------------------------------------------
Std_TempoMatVet 
0.002987
Opt_TempoMatVet 
0.001792
Std_TempoMatMat 
0.211452
Opt_TempoMatMat 
0.059896
--------------------------------------------------------------------------------
Region Mult_Mat_Vet, Group 1: ENERGY
+-------------------+----------+
|    Region Info    |  Core 3  |
+-------------------+----------+
| RDTSC Runtime [s] | 0.000011 |
|     call count    |        1 |
+-------------------+----------+

+-----------------------+---------+--------+
|         Event         | Counter | Core 3 |
+-----------------------+---------+--------+
|   INSTR_RETIRED_ANY   |  FIXC0  |  22830 |
| CPU_CLK_UNHALTED_CORE |  FIXC1  |  44904 |
|  CPU_CLK_UNHALTED_REF |  FIXC2  |  40328 |
|       TEMP_CORE       |   TMP0  |    191 |
|     PWR_PKG_ENERGY    |   PWR0  | 0.0075 |
|     PWR_PP0_ENERGY    |   PWR1  | 0.0012 |
|     PWR_PP1_ENERGY    |   PWR2  |      0 |
|    PWR_DRAM_ENERGY    |   PWR3  | 0.0005 |
+-----------------------+---------+--------+

+----------------------+--------------+
|        Metric        |    Core 3    |
+----------------------+--------------+
|  Runtime (RDTSC) [s] | 1.127055e-05 |
| Runtime unhalted [s] | 1.317621e-05 |
|      Clock [MHz]     |    3794.6607 |
|          CPI         |       1.9669 |
|    Temperature [C]   |          191 |
|      Energy [J]      |       0.0075 |
|       Power [W]      |     666.1009 |
|    Energy PP0 [J]    |       0.0012 |
|     Power PP0 [W]    |     108.3091 |
|    Energy PP1 [J]    |            0 |
|     Power PP1 [W]    |            0 |
|    Energy DRAM [J]   |       0.0005 |
|    Power DRAM [W]    |      48.7391 |
+----------------------+--------------+

Region Mult_Mat_Vet_Opt, Group 1: ENERGY
+-------------------+----------+
|    Region Info    |  Core 3  |
+-------------------+----------+
| RDTSC Runtime [s] | 0.000003 |
|     call count    |        1 |
+-------------------+----------+

+-----------------------+---------+--------+
|         Event         | Counter | Core 3 |
+-----------------------+---------+--------+
|   INSTR_RETIRED_ANY   |  FIXC0  |  15997 |
| CPU_CLK_UNHALTED_CORE |  FIXC1  |  23304 |
|  CPU_CLK_UNHALTED_REF |  FIXC2  |  20590 |
|       TEMP_CORE       |   TMP0  |    191 |
|     PWR_PKG_ENERGY    |   PWR0  |      0 |
|     PWR_PP0_ENERGY    |   PWR1  | 0.0010 |
|     PWR_PP1_ENERGY    |   PWR2  |      0 |
|    PWR_DRAM_ENERGY    |   PWR3  |      0 |
+-----------------------+---------+--------+

+----------------------+--------------+
|        Metric        |    Core 3    |
+----------------------+--------------+
|  Runtime (RDTSC) [s] | 3.301060e-06 |
| Runtime unhalted [s] | 6.838107e-06 |
|      Clock [MHz]     |    3857.1695 |
|          CPI         |       1.4568 |
|    Temperature [C]   |          191 |
|      Energy [J]      |            0 |
|       Power [W]      |            0 |
|    Energy PP0 [J]    |       0.0010 |
|     Power PP0 [W]    |     295.8330 |
|    Energy PP1 [J]    |            0 |
|     Power PP1 [W]    |            0 |
|    Energy DRAM [J]   |            0 |
|    Power DRAM [W]    |            0 |
+----------------------+--------------+

Region Mult_Mat_Mat, Group 1: ENERGY
+-------------------+----------+
|    Region Info    |  Core 3  |
+-------------------+----------+
| RDTSC Runtime [s] | 0.000213 |
|     call count    |        1 |
+-------------------+----------+

+-----------------------+---------+---------+
|         Event         | Counter |  Core 3 |
+-----------------------+---------+---------+
|   INSTR_RETIRED_ANY   |  FIXC0  | 1886858 |
| CPU_CLK_UNHALTED_CORE |  FIXC1  |  798390 |
|  CPU_CLK_UNHALTED_REF |  FIXC2  |  717952 |
|       TEMP_CORE       |   TMP0  |     191 |
|     PWR_PKG_ENERGY    |   PWR0  |       0 |
|     PWR_PP0_ENERGY    |   PWR1  |  0.0025 |
|     PWR_PP1_ENERGY    |   PWR2  |       0 |
|    PWR_DRAM_ENERGY    |   PWR3  |       0 |
+-----------------------+---------+---------+

+----------------------+-----------+
|        Metric        |   Core 3  |
+----------------------+-----------+
|  Runtime (RDTSC) [s] |    0.0002 |
| Runtime unhalted [s] |    0.0002 |
|      Clock [MHz]     | 3789.7825 |
|          CPI         |    0.4231 |
|    Temperature [C]   |       191 |
|      Energy [J]      |         0 |
|       Power [W]      |         0 |
|    Energy PP0 [J]    |    0.0025 |
|     Power PP0 [W]    |   11.7629 |
|    Energy PP1 [J]    |         0 |
|     Power PP1 [W]    |         0 |
|    Energy DRAM [J]   |         0 |
|    Power DRAM [W]    |         0 |
+----------------------+-----------+

Region Mult_Mat_Mat_Opt, Group 1: ENERGY
+-------------------+----------+
|    Region Info    |  Core 3  |
+-------------------+----------+
| RDTSC Runtime [s] | 0.000061 |
|     call count    |        1 |
+-------------------+----------+

+-----------------------+---------+--------+
|         Event         | Counter | Core 3 |
+-----------------------+---------+--------+
|   INSTR_RETIRED_ANY   |  FIXC0  | 657354 |
| CPU_CLK_UNHALTED_CORE |  FIXC1  | 223490 |
|  CPU_CLK_UNHALTED_REF |  FIXC2  | 200930 |
|       TEMP_CORE       |   TMP0  |    192 |
|     PWR_PKG_ENERGY    |   PWR0  | 0.0081 |
|     PWR_PP0_ENERGY    |   PWR1  | 0.0018 |
|     PWR_PP1_ENERGY    |   PWR2  |      0 |
|    PWR_DRAM_ENERGY    |   PWR3  |      0 |
+-----------------------+---------+--------+

+----------------------+-----------+
|        Metric        |   Core 3  |
+----------------------+-----------+
|  Runtime (RDTSC) [s] |    0.0001 |
| Runtime unhalted [s] |    0.0001 |
|      Clock [MHz]     | 3790.5996 |
|          CPI         |    0.3400 |
|    Temperature [C]   |       192 |
|      Energy [J]      |    0.0081 |
|       Power [W]      |  131.9464 |
|    Energy PP0 [J]    |    0.0018 |
|     Power PP0 [W]    |   29.9878 |
|    Energy PP1 [J]    |         0 |
|     Power PP1 [W]    |         0 |
|    Energy DRAM [J]   |         0 |
|    Power DRAM [W]    |         0 |
+----------------------+-----------+

