--------------------------------------------------------------------------------
CPU name:	Intel(R) Core(TM) i5-7500 CPU @ 3.40GHz
CPU type:	Intel Coffeelake processor
CPU clock:	3.41 GHz
--------------------------------------------------------------------------------
Std_TempoMatVet 
1.087148
Opt_TempoMatVet 
0.381166
Std_TempoMatMat 
3277.848633
Opt_TempoMatMat 
677.043878
--------------------------------------------------------------------------------
Region Mult_Mat_Vet, Group 1: ENERGY
+-------------------+----------+
|    Region Info    |  Core 3  |
+-------------------+----------+
| RDTSC Runtime [s] | 0.001095 |
|     call count    |        1 |
+-------------------+----------+

+-----------------------+---------+---------+
|         Event         | Counter |  Core 3 |
+-----------------------+---------+---------+
|   INSTR_RETIRED_ANY   |  FIXC0  | 3172525 |
| CPU_CLK_UNHALTED_CORE |  FIXC1  | 4148188 |
|  CPU_CLK_UNHALTED_REF |  FIXC2  | 3728920 |
|       TEMP_CORE       |   TMP0  |     194 |
|     PWR_PKG_ENERGY    |   PWR0  |  0.0073 |
|     PWR_PP0_ENERGY    |   PWR1  |  0.0093 |
|     PWR_PP1_ENERGY    |   PWR2  |       0 |
|    PWR_DRAM_ENERGY    |   PWR3  |  0.0013 |
+-----------------------+---------+---------+

+----------------------+-----------+
|        Metric        |   Core 3  |
+----------------------+-----------+
|  Runtime (RDTSC) [s] |    0.0011 |
| Runtime unhalted [s] |    0.0012 |
|      Clock [MHz]     | 3791.1732 |
|          CPI         |    1.3075 |
|    Temperature [C]   |       194 |
|      Energy [J]      |    0.0073 |
|       Power [W]      |    6.6916 |
|    Energy PP0 [J]    |    0.0093 |
|     Power PP0 [W]    |    8.4760 |
|    Energy PP1 [J]    |         0 |
|     Power PP1 [W]    |         0 |
|    Energy DRAM [J]   |    0.0013 |
|    Power DRAM [W]    |    1.2268 |
+----------------------+-----------+

Region Mult_Mat_Vet_Opt, Group 1: ENERGY
+-------------------+----------+
|    Region Info    |  Core 3  |
+-------------------+----------+
| RDTSC Runtime [s] | 0.000383 |
|     call count    |        1 |
+-------------------+----------+

+-----------------------+---------+---------+
|         Event         | Counter |  Core 3 |
+-----------------------+---------+---------+
|   INSTR_RETIRED_ANY   |  FIXC0  | 2373756 |
| CPU_CLK_UNHALTED_CORE |  FIXC1  | 1454887 |
|  CPU_CLK_UNHALTED_REF |  FIXC2  | 1308104 |
|       TEMP_CORE       |   TMP0  |     194 |
|     PWR_PKG_ENERGY    |   PWR0  |       0 |
|     PWR_PP0_ENERGY    |   PWR1  |  0.0044 |
|     PWR_PP1_ENERGY    |   PWR2  |       0 |
|    PWR_DRAM_ENERGY    |   PWR3  |  0.0016 |
+-----------------------+---------+---------+

+----------------------+-----------+
|        Metric        |   Core 3  |
+----------------------+-----------+
|  Runtime (RDTSC) [s] |    0.0004 |
| Runtime unhalted [s] |    0.0004 |
|      Clock [MHz]     | 3790.4018 |
|          CPI         |    0.6129 |
|    Temperature [C]   |       194 |
|      Energy [J]      |         0 |
|       Power [W]      |         0 |
|    Energy PP0 [J]    |    0.0044 |
|     Power PP0 [W]    |   11.4888 |
|    Energy PP1 [J]    |         0 |
|     Power PP1 [W]    |         0 |
|    Energy DRAM [J]   |    0.0016 |
|    Power DRAM [W]    |    4.1487 |
+----------------------+-----------+

Region Mult_Mat_Mat, Group 1: ENERGY
+-------------------+----------+
|    Region Info    |  Core 3  |
+-------------------+----------+
| RDTSC Runtime [s] | 3.277820 |
|     call count    |        1 |
+-------------------+----------+

+-----------------------+---------+-------------+
|         Event         | Counter |    Core 3   |
+-----------------------+---------+-------------+
|   INSTR_RETIRED_ANY   |  FIXC0  |  7527748000 |
| CPU_CLK_UNHALTED_CORE |  FIXC1  | 12233850000 |
|  CPU_CLK_UNHALTED_REF |  FIXC2  | 11029110000 |
|       TEMP_CORE       |   TMP0  |         196 |
|     PWR_PKG_ENERGY    |   PWR0  |     27.0404 |
|     PWR_PP0_ENERGY    |   PWR1  |     25.8560 |
|     PWR_PP1_ENERGY    |   PWR2  |      0.0103 |
|    PWR_DRAM_ENERGY    |   PWR3  |      4.4650 |
+-----------------------+---------+-------------+

+----------------------+-----------+
|        Metric        |   Core 3  |
+----------------------+-----------+
|  Runtime (RDTSC) [s] |    3.2778 |
| Runtime unhalted [s] |    3.5898 |
|      Clock [MHz]     | 3780.2537 |
|          CPI         |    1.6252 |
|    Temperature [C]   |       196 |
|      Energy [J]      |   27.0404 |
|       Power [W]      |    8.2495 |
|    Energy PP0 [J]    |   25.8560 |
|     Power PP0 [W]    |    7.8882 |
|    Energy PP1 [J]    |    0.0103 |
|     Power PP1 [W]    |    0.0031 |
|    Energy DRAM [J]   |    4.4650 |
|    Power DRAM [W]    |    1.3622 |
+----------------------+-----------+

Region Mult_Mat_Mat_Opt, Group 1: ENERGY
+-------------------+----------+
|    Region Info    |  Core 3  |
+-------------------+----------+
| RDTSC Runtime [s] | 0.677042 |
|     call count    |        1 |
+-------------------+----------+

+-----------------------+---------+------------+
|         Event         | Counter |   Core 3   |
+-----------------------+---------+------------+
|   INSTR_RETIRED_ANY   |  FIXC0  | 2651797000 |
| CPU_CLK_UNHALTED_CORE |  FIXC1  | 2518749000 |
|  CPU_CLK_UNHALTED_REF |  FIXC2  | 2269334000 |
|       TEMP_CORE       |   TMP0  |        197 |
|     PWR_PKG_ENERGY    |   PWR0  |     5.8256 |
|     PWR_PP0_ENERGY    |   PWR1  |     5.5853 |
|     PWR_PP1_ENERGY    |   PWR2  |     0.0037 |
|    PWR_DRAM_ENERGY    |   PWR3  |     0.9737 |
+-----------------------+---------+------------+

+----------------------+-----------+
|        Metric        |   Core 3  |
+----------------------+-----------+
|  Runtime (RDTSC) [s] |    0.6770 |
| Runtime unhalted [s] |    0.7391 |
|      Clock [MHz]     | 3782.5505 |
|          CPI         |    0.9498 |
|    Temperature [C]   |       197 |
|      Energy [J]      |    5.8256 |
|       Power [W]      |    8.6044 |
|    Energy PP0 [J]    |    5.5853 |
|     Power PP0 [W]    |    8.2495 |
|    Energy PP1 [J]    |    0.0037 |
|     Power PP1 [W]    |    0.0055 |
|    Energy DRAM [J]   |    0.9737 |
|    Power DRAM [W]    |    1.4382 |
+----------------------+-----------+

