--------------------------------------------------------------------------------
CPU name:	Intel(R) Core(TM) i5-7500 CPU @ 3.40GHz
CPU type:	Intel Coffeelake processor
CPU clock:	3.41 GHz
--------------------------------------------------------------------------------
Std_TempoMatVet 
0.264021
Opt_TempoMatVet 
0.102716
Std_TempoMatMat 
298.650699
Opt_TempoMatMat 
61.345354
--------------------------------------------------------------------------------
Region Mult_Mat_Vet, Group 1: ENERGY
+-------------------+----------+
|    Region Info    |  Core 3  |
+-------------------+----------+
| RDTSC Runtime [s] | 0.000273 |
|     call count    |        1 |
+-------------------+----------+

+-----------------------+---------+---------+
|         Event         | Counter |  Core 3 |
+-----------------------+---------+---------+
|   INSTR_RETIRED_ANY   |  FIXC0  |  804701 |
| CPU_CLK_UNHALTED_CORE |  FIXC1  | 1033344 |
|  CPU_CLK_UNHALTED_REF |  FIXC2  |  928964 |
|       TEMP_CORE       |   TMP0  |     191 |
|     PWR_PKG_ENERGY    |   PWR0  |       0 |
|     PWR_PP0_ENERGY    |   PWR1  |  0.0035 |
|     PWR_PP1_ENERGY    |   PWR2  |       0 |
|    PWR_DRAM_ENERGY    |   PWR3  |       0 |
+-----------------------+---------+---------+

+----------------------+-----------+
|        Metric        |   Core 3  |
+----------------------+-----------+
|  Runtime (RDTSC) [s] |    0.0003 |
| Runtime unhalted [s] |    0.0003 |
|      Clock [MHz]     | 3790.9276 |
|          CPI         |    1.2841 |
|    Temperature [C]   |       191 |
|      Energy [J]      |         0 |
|       Power [W]      |         0 |
|    Energy PP0 [J]    |    0.0035 |
|     Power PP0 [W]    |   12.9821 |
|    Energy PP1 [J]    |         0 |
|     Power PP1 [W]    |         0 |
|    Energy DRAM [J]   |         0 |
|    Power DRAM [W]    |         0 |
+----------------------+-----------+

Region Mult_Mat_Vet_Opt, Group 1: ENERGY
+-------------------+----------+
|    Region Info    |  Core 3  |
+-------------------+----------+
| RDTSC Runtime [s] | 0.000104 |
|     call count    |        1 |
+-------------------+----------+

+-----------------------+---------+--------+
|         Event         | Counter | Core 3 |
+-----------------------+---------+--------+
|   INSTR_RETIRED_ANY   |  FIXC0  | 600194 |
| CPU_CLK_UNHALTED_CORE |  FIXC1  | 402191 |
|  CPU_CLK_UNHALTED_REF |  FIXC2  | 361248 |
|       TEMP_CORE       |   TMP0  |    192 |
|     PWR_PKG_ENERGY    |   PWR0  |      0 |
|     PWR_PP0_ENERGY    |   PWR1  | 0.0021 |
|     PWR_PP1_ENERGY    |   PWR2  |      0 |
|    PWR_DRAM_ENERGY    |   PWR3  |      0 |
+-----------------------+---------+--------+

+----------------------+-----------+
|        Metric        |   Core 3  |
+----------------------+-----------+
|  Runtime (RDTSC) [s] |    0.0001 |
| Runtime unhalted [s] |    0.0001 |
|      Clock [MHz]     | 3794.2536 |
|          CPI         |    0.6701 |
|    Temperature [C]   |       192 |
|      Energy [J]      |         0 |
|       Power [W]      |         0 |
|    Energy PP0 [J]    |    0.0021 |
|     Power PP0 [W]    |   19.9655 |
|    Energy PP1 [J]    |         0 |
|     Power PP1 [W]    |         0 |
|    Energy DRAM [J]   |         0 |
|    Power DRAM [W]    |         0 |
+----------------------+-----------+

Region Mult_Mat_Mat, Group 1: ENERGY
+-------------------+----------+
|    Region Info    |  Core 3  |
+-------------------+----------+
| RDTSC Runtime [s] | 0.298653 |
|     call count    |        1 |
+-------------------+----------+

+-----------------------+---------+------------+
|         Event         | Counter |   Core 3   |
+-----------------------+---------+------------+
|   INSTR_RETIRED_ANY   |  FIXC0  |  942420400 |
| CPU_CLK_UNHALTED_CORE |  FIXC1  | 1105934000 |
|  CPU_CLK_UNHALTED_REF |  FIXC2  | 1000913000 |
|       TEMP_CORE       |   TMP0  |        196 |
|     PWR_PKG_ENERGY    |   PWR0  |     2.8766 |
|     PWR_PP0_ENERGY    |   PWR1  |     2.8228 |
|     PWR_PP1_ENERGY    |   PWR2  |          0 |
|    PWR_DRAM_ENERGY    |   PWR3  |     0.1654 |
+-----------------------+---------+------------+

+----------------------+-----------+
|        Metric        |   Core 3  |
+----------------------+-----------+
|  Runtime (RDTSC) [s] |    0.2987 |
| Runtime unhalted [s] |    0.3245 |
|      Clock [MHz]     | 3765.5839 |
|          CPI         |    1.1735 |
|    Temperature [C]   |       196 |
|      Energy [J]      |    2.8766 |
|       Power [W]      |    9.6319 |
|    Energy PP0 [J]    |    2.8228 |
|     Power PP0 [W]    |    9.4518 |
|    Energy PP1 [J]    |         0 |
|     Power PP1 [W]    |         0 |
|    Energy DRAM [J]   |    0.1654 |
|    Power DRAM [W]    |    0.5538 |
+----------------------+-----------+

Region Mult_Mat_Mat_Opt, Group 1: ENERGY
+-------------------+----------+
|    Region Info    |  Core 3  |
+-------------------+----------+
| RDTSC Runtime [s] | 0.061349 |
|     call count    |        1 |
+-------------------+----------+

+-----------------------+---------+-----------+
|         Event         | Counter |   Core 3  |
+-----------------------+---------+-----------+
|   INSTR_RETIRED_ANY   |  FIXC0  | 331604600 |
| CPU_CLK_UNHALTED_CORE |  FIXC1  | 224822100 |
|  CPU_CLK_UNHALTED_REF |  FIXC2  | 204690900 |
|       TEMP_CORE       |   TMP0  |       198 |
|     PWR_PKG_ENERGY    |   PWR0  |    0.6835 |
|     PWR_PP0_ENERGY    |   PWR1  |    0.6745 |
|     PWR_PP1_ENERGY    |   PWR2  |         0 |
|    PWR_DRAM_ENERGY    |   PWR3  |    0.0370 |
+-----------------------+---------+-----------+

+----------------------+-----------+
|        Metric        |   Core 3  |
+----------------------+-----------+
|  Runtime (RDTSC) [s] |    0.0613 |
| Runtime unhalted [s] |    0.0660 |
|      Clock [MHz]     | 3743.1732 |
|          CPI         |    0.6780 |
|    Temperature [C]   |       198 |
|      Energy [J]      |    0.6835 |
|       Power [W]      |   11.1417 |
|    Energy PP0 [J]    |    0.6745 |
|     Power PP0 [W]    |   10.9945 |
|    Energy PP1 [J]    |         0 |
|     Power PP1 [W]    |         0 |
|    Energy DRAM [J]   |    0.0370 |
|    Power DRAM [W]    |    0.6029 |
+----------------------+-----------+

