--------------------------------------------------------------------------------
CPU name:	Intel(R) Core(TM) i5-7500 CPU @ 3.40GHz
CPU type:	Intel Coffeelake processor
CPU clock:	3.41 GHz
--------------------------------------------------------------------------------
Std_TempoMatVet 
0.364960
Opt_TempoMatVet 
0.152747
Std_TempoMatMat 
230.083694
Opt_TempoMatMat 
62.263847
--------------------------------------------------------------------------------
Region Mult_Mat_Vet, Group 1: ENERGY
+-------------------+----------+
|    Region Info    |  Core 3  |
+-------------------+----------+
| RDTSC Runtime [s] | 0.000374 |
|     call count    |        1 |
+-------------------+----------+

+-----------------------+---------+---------+
|         Event         | Counter |  Core 3 |
+-----------------------+---------+---------+
|   INSTR_RETIRED_ANY   |  FIXC0  | 1099774 |
| CPU_CLK_UNHALTED_CORE |  FIXC1  | 1411342 |
|  CPU_CLK_UNHALTED_REF |  FIXC2  | 1268912 |
|       TEMP_CORE       |   TMP0  |     192 |
|     PWR_PKG_ENERGY    |   PWR0  |       0 |
|     PWR_PP0_ENERGY    |   PWR1  |  0.0045 |
|     PWR_PP1_ENERGY    |   PWR2  |       0 |
|    PWR_DRAM_ENERGY    |   PWR3  |       0 |
+-----------------------+---------+---------+

+----------------------+-----------+
|        Metric        |   Core 3  |
+----------------------+-----------+
|  Runtime (RDTSC) [s] |    0.0004 |
| Runtime unhalted [s] |    0.0004 |
|      Clock [MHz]     | 3789.1425 |
|          CPI         |    1.2833 |
|    Temperature [C]   |       192 |
|      Energy [J]      |         0 |
|       Power [W]      |         0 |
|    Energy PP0 [J]    |    0.0045 |
|     Power PP0 [W]    |   12.0905 |
|    Energy PP1 [J]    |         0 |
|     Power PP1 [W]    |         0 |
|    Energy DRAM [J]   |         0 |
|    Power DRAM [W]    |         0 |
+----------------------+-----------+

Region Mult_Mat_Vet_Opt, Group 1: ENERGY
+-------------------+----------+
|    Region Info    |  Core 3  |
+-------------------+----------+
| RDTSC Runtime [s] | 0.000154 |
|     call count    |        1 |
+-------------------+----------+

+-----------------------+---------+--------+
|         Event         | Counter | Core 3 |
+-----------------------+---------+--------+
|   INSTR_RETIRED_ANY   |  FIXC0  | 820990 |
| CPU_CLK_UNHALTED_CORE |  FIXC1  | 590125 |
|  CPU_CLK_UNHALTED_REF |  FIXC2  | 529944 |
|       TEMP_CORE       |   TMP0  |    193 |
|     PWR_PKG_ENERGY    |   PWR0  |      0 |
|     PWR_PP0_ENERGY    |   PWR1  | 0.0022 |
|     PWR_PP1_ENERGY    |   PWR2  |      0 |
|    PWR_DRAM_ENERGY    |   PWR3  | 0.0012 |
+-----------------------+---------+--------+

+----------------------+-----------+
|        Metric        |   Core 3  |
+----------------------+-----------+
|  Runtime (RDTSC) [s] |    0.0002 |
| Runtime unhalted [s] |    0.0002 |
|      Clock [MHz]     | 3793.6234 |
|          CPI         |    0.7188 |
|    Temperature [C]   |       193 |
|      Energy [J]      |         0 |
|       Power [W]      |         0 |
|    Energy PP0 [J]    |    0.0022 |
|     Power PP0 [W]    |   14.2887 |
|    Energy PP1 [J]    |         0 |
|     Power PP1 [W]    |         0 |
|    Energy DRAM [J]   |    0.0012 |
|    Power DRAM [W]    |    7.9382 |
+----------------------+-----------+

Region Mult_Mat_Mat, Group 1: ENERGY
+-------------------+----------+
|    Region Info    |  Core 3  |
+-------------------+----------+
| RDTSC Runtime [s] | 0.230085 |
|     call count    |        1 |
+-------------------+----------+

+-----------------------+---------+------------+
|         Event         | Counter |   Core 3   |
+-----------------------+---------+------------+
|   INSTR_RETIRED_ANY   |  FIXC0  | 1515975000 |
| CPU_CLK_UNHALTED_CORE |  FIXC1  |  861075300 |
|  CPU_CLK_UNHALTED_REF |  FIXC2  |  774654600 |
|       TEMP_CORE       |   TMP0  |        198 |
|     PWR_PKG_ENERGY    |   PWR0  |     2.1346 |
|     PWR_PP0_ENERGY    |   PWR1  |     2.0886 |
|     PWR_PP1_ENERGY    |   PWR2  |          0 |
|    PWR_DRAM_ENERGY    |   PWR3  |     0.1194 |
+-----------------------+---------+------------+

+----------------------+-----------+
|        Metric        |   Core 3  |
+----------------------+-----------+
|  Runtime (RDTSC) [s] |    0.2301 |
| Runtime unhalted [s] |    0.2528 |
|      Clock [MHz]     | 3786.8073 |
|          CPI         |    0.5680 |
|    Temperature [C]   |       198 |
|      Energy [J]      |    2.1346 |
|       Power [W]      |    9.2774 |
|    Energy PP0 [J]    |    2.0886 |
|     Power PP0 [W]    |    9.0776 |
|    Energy PP1 [J]    |         0 |
|     Power PP1 [W]    |         0 |
|    Energy DRAM [J]   |    0.1194 |
|    Power DRAM [W]    |    0.5189 |
+----------------------+-----------+

Region Mult_Mat_Mat_Opt, Group 1: ENERGY
+-------------------+----------+
|    Region Info    |  Core 3  |
+-------------------+----------+
| RDTSC Runtime [s] | 0.062268 |
|     call count    |        1 |
+-------------------+----------+

+-----------------------+---------+-----------+
|         Event         | Counter |   Core 3  |
+-----------------------+---------+-----------+
|   INSTR_RETIRED_ANY   |  FIXC0  | 533597600 |
| CPU_CLK_UNHALTED_CORE |  FIXC1  | 229510000 |
|  CPU_CLK_UNHALTED_REF |  FIXC2  | 206763900 |
|       TEMP_CORE       |   TMP0  |       201 |
|     PWR_PKG_ENERGY    |   PWR0  |    0.6390 |
|     PWR_PP0_ENERGY    |   PWR1  |    0.6199 |
|     PWR_PP1_ENERGY    |   PWR2  |         0 |
|    PWR_DRAM_ENERGY    |   PWR3  |    0.0351 |
+-----------------------+---------+-----------+

+----------------------+-----------+
|        Metric        |   Core 3  |
+----------------------+-----------+
|  Runtime (RDTSC) [s] |    0.0623 |
| Runtime unhalted [s] |    0.0674 |
|      Clock [MHz]     | 3781.5259 |
|          CPI         |    0.4301 |
|    Temperature [C]   |       201 |
|      Energy [J]      |    0.6390 |
|       Power [W]      |   10.2628 |
|    Energy PP0 [J]    |    0.6199 |
|     Power PP0 [W]    |    9.9560 |
|    Energy PP1 [J]    |         0 |
|     Power PP1 [W]    |         0 |
|    Energy DRAM [J]   |    0.0351 |
|    Power DRAM [W]    |    0.5636 |
+----------------------+-----------+

