--------------------------------------------------------------------------------
CPU name:	Intel(R) Core(TM) i5-7500 CPU @ 3.40GHz
CPU type:	Intel Coffeelake processor
CPU clock:	3.41 GHz
--------------------------------------------------------------------------------
Std_TempoMatVet 
4.530500
Opt_TempoMatVet 
1.526670
Std_TempoMatMat 
55250.319291
Opt_TempoMatMat 
11167.907896
--------------------------------------------------------------------------------
Region Mult_Mat_Vet, Group 1: ENERGY
+-------------------+----------+
|    Region Info    |  Core 3  |
+-------------------+----------+
| RDTSC Runtime [s] | 0.004541 |
|     call count    |        1 |
+-------------------+----------+

+-----------------------+---------+----------+
|         Event         | Counter |  Core 3  |
+-----------------------+---------+----------+
|   INSTR_RETIRED_ANY   |  FIXC0  | 12627130 |
| CPU_CLK_UNHALTED_CORE |  FIXC1  | 16853560 |
|  CPU_CLK_UNHALTED_REF |  FIXC2  | 15214020 |
|       TEMP_CORE       |   TMP0  |      197 |
|     PWR_PKG_ENERGY    |   PWR0  |   0.0334 |
|     PWR_PP0_ENERGY    |   PWR1  |   0.0366 |
|     PWR_PP1_ENERGY    |   PWR2  |        0 |
|    PWR_DRAM_ENERGY    |   PWR3  |   0.0059 |
+-----------------------+---------+----------+

+----------------------+-----------+
|        Metric        |   Core 3  |
+----------------------+-----------+
|  Runtime (RDTSC) [s] |    0.0045 |
| Runtime unhalted [s] |    0.0049 |
|      Clock [MHz]     | 3774.4859 |
|          CPI         |    1.3347 |
|    Temperature [C]   |       197 |
|      Energy [J]      |    0.0334 |
|       Power [W]      |    7.3662 |
|    Energy PP0 [J]    |    0.0366 |
|     Power PP0 [W]    |    8.0517 |
|    Energy PP1 [J]    |         0 |
|     Power PP1 [W]    |         0 |
|    Energy DRAM [J]   |    0.0059 |
|    Power DRAM [W]    |    1.2904 |
+----------------------+-----------+

Region Mult_Mat_Vet_Opt, Group 1: ENERGY
+-------------------+----------+
|    Region Info    |  Core 3  |
+-------------------+----------+
| RDTSC Runtime [s] | 0.001528 |
|     call count    |        1 |
+-------------------+----------+

+-----------------------+---------+---------+
|         Event         | Counter |  Core 3 |
+-----------------------+---------+---------+
|   INSTR_RETIRED_ANY   |  FIXC0  | 9459915 |
| CPU_CLK_UNHALTED_CORE |  FIXC1  | 5792016 |
|  CPU_CLK_UNHALTED_REF |  FIXC2  | 5206856 |
|       TEMP_CORE       |   TMP0  |     198 |
|     PWR_PKG_ENERGY    |   PWR0  |  0.0106 |
|     PWR_PP0_ENERGY    |   PWR1  |  0.0160 |
|     PWR_PP1_ENERGY    |   PWR2  |       0 |
|    PWR_DRAM_ENERGY    |   PWR3  |  0.0026 |
+-----------------------+---------+---------+

+----------------------+-----------+
|        Metric        |   Core 3  |
+----------------------+-----------+
|  Runtime (RDTSC) [s] |    0.0015 |
| Runtime unhalted [s] |    0.0017 |
|      Clock [MHz]     | 3790.2192 |
|          CPI         |    0.6123 |
|    Temperature [C]   |       198 |
|      Energy [J]      |    0.0106 |
|       Power [W]      |    6.9094 |
|    Energy PP0 [J]    |    0.0160 |
|     Power PP0 [W]    |   10.4639 |
|    Energy PP1 [J]    |         0 |
|     Power PP1 [W]    |         0 |
|    Energy DRAM [J]   |    0.0026 |
|    Power DRAM [W]    |    1.7174 |
+----------------------+-----------+

Region Mult_Mat_Mat, Group 1: ENERGY
+-------------------+-----------+
|    Region Info    |   Core 3  |
+-------------------+-----------+
| RDTSC Runtime [s] | 55.252010 |
|     call count    |         1 |
+-------------------+-----------+

+-----------------------+---------+--------------+
|         Event         | Counter |    Core 3    |
+-----------------------+---------+--------------+
|   INSTR_RETIRED_ANY   |  FIXC0  |  60175730000 |
| CPU_CLK_UNHALTED_CORE |  FIXC1  | 207077900000 |
|  CPU_CLK_UNHALTED_REF |  FIXC2  | 186540600000 |
|       TEMP_CORE       |   TMP0  |          199 |
|     PWR_PKG_ENERGY    |   PWR0  |     405.0027 |
|     PWR_PP0_ENERGY    |   PWR1  |     371.1592 |
|     PWR_PP1_ENERGY    |   PWR2  |       0.1862 |
|    PWR_DRAM_ENERGY    |   PWR3  |     118.5967 |
+-----------------------+---------+--------------+

+----------------------+-----------+
|        Metric        |   Core 3  |
+----------------------+-----------+
|  Runtime (RDTSC) [s] |   55.2520 |
| Runtime unhalted [s] |   60.7748 |
|      Clock [MHz]     | 3782.4267 |
|          CPI         |    3.4412 |
|    Temperature [C]   |       199 |
|      Energy [J]      |  405.0027 |
|       Power [W]      |    7.3301 |
|    Energy PP0 [J]    |  371.1592 |
|     Power PP0 [W]    |    6.7176 |
|    Energy PP1 [J]    |    0.1862 |
|     Power PP1 [W]    |    0.0034 |
|    Energy DRAM [J]   |  118.5967 |
|    Power DRAM [W]    |    2.1465 |
+----------------------+-----------+

Region Mult_Mat_Mat_Opt, Group 1: ENERGY
+-------------------+-----------+
|    Region Info    |   Core 3  |
+-------------------+-----------+
| RDTSC Runtime [s] | 11.168260 |
|     call count    |         1 |
+-------------------+-----------+

+-----------------------+---------+-------------+
|         Event         | Counter |    Core 3   |
+-----------------------+---------+-------------+
|   INSTR_RETIRED_ANY   |  FIXC0  | 21210360000 |
| CPU_CLK_UNHALTED_CORE |  FIXC1  | 41818370000 |
|  CPU_CLK_UNHALTED_REF |  FIXC2  | 37666440000 |
|       TEMP_CORE       |   TMP0  |         200 |
|     PWR_PKG_ENERGY    |   PWR0  |     80.6559 |
|     PWR_PP0_ENERGY    |   PWR1  |     75.2510 |
|     PWR_PP1_ENERGY    |   PWR2  |      0.0389 |
|    PWR_DRAM_ENERGY    |   PWR3  |     19.6559 |
+-----------------------+---------+-------------+

+----------------------+-----------+
|        Metric        |   Core 3  |
+----------------------+-----------+
|  Runtime (RDTSC) [s] |   11.1683 |
| Runtime unhalted [s] |   12.2732 |
|      Clock [MHz]     | 3782.8809 |
|          CPI         |    1.9716 |
|    Temperature [C]   |       200 |
|      Energy [J]      |   80.6559 |
|       Power [W]      |    7.2219 |
|    Energy PP0 [J]    |   75.2510 |
|     Power PP0 [W]    |    6.7379 |
|    Energy PP1 [J]    |    0.0389 |
|     Power PP1 [W]    |    0.0035 |
|    Energy DRAM [J]   |   19.6559 |
|    Power DRAM [W]    |    1.7600 |
+----------------------+-----------+

