--------------------------------------------------------------------------------
CPU name:	Intel(R) Core(TM) i5-7500 CPU @ 3.40GHz
CPU type:	Intel Coffeelake processor
CPU clock:	3.41 GHz
--------------------------------------------------------------------------------
Std_TempoMatVet 
0.829097
Opt_TempoMatVet 
0.311558
Std_TempoMatMat 
935.383517
Opt_TempoMatMat 
237.614434
--------------------------------------------------------------------------------
Region Mult_Mat_Vet, Group 1: ENERGY
+-------------------+----------+
|    Region Info    |  Core 3  |
+-------------------+----------+
| RDTSC Runtime [s] | 0.000837 |
|     call count    |        1 |
+-------------------+----------+

+-----------------------+---------+---------+
|         Event         | Counter |  Core 3 |
+-----------------------+---------+---------+
|   INSTR_RETIRED_ANY   |  FIXC0  | 2454866 |
| CPU_CLK_UNHALTED_CORE |  FIXC1  | 3169031 |
|  CPU_CLK_UNHALTED_REF |  FIXC2  | 2849372 |
|       TEMP_CORE       |   TMP0  |     194 |
|     PWR_PKG_ENERGY    |   PWR0  |  0.0092 |
|     PWR_PP0_ENERGY    |   PWR1  |  0.0073 |
|     PWR_PP1_ENERGY    |   PWR2  |       0 |
|    PWR_DRAM_ENERGY    |   PWR3  |  0.0009 |
+-----------------------+---------+---------+

+----------------------+-----------+
|        Metric        |   Core 3  |
+----------------------+-----------+
|  Runtime (RDTSC) [s] |    0.0008 |
| Runtime unhalted [s] |    0.0009 |
|      Clock [MHz]     | 3790.3085 |
|          CPI         |    1.2909 |
|    Temperature [C]   |       194 |
|      Energy [J]      |    0.0092 |
|       Power [W]      |   10.9416 |
|    Energy PP0 [J]    |    0.0073 |
|     Power PP0 [W]    |    8.6804 |
|    Energy PP1 [J]    |         0 |
|     Power PP1 [W]    |         0 |
|    Energy DRAM [J]   |    0.0009 |
|    Power DRAM [W]    |    1.0212 |
+----------------------+-----------+

Region Mult_Mat_Vet_Opt, Group 1: ENERGY
+-------------------+----------+
|    Region Info    |  Core 3  |
+-------------------+----------+
| RDTSC Runtime [s] | 0.000313 |
|     call count    |        1 |
+-------------------+----------+

+-----------------------+---------+---------+
|         Event         | Counter |  Core 3 |
+-----------------------+---------+---------+
|   INSTR_RETIRED_ANY   |  FIXC0  | 1835943 |
| CPU_CLK_UNHALTED_CORE |  FIXC1  | 1190203 |
|  CPU_CLK_UNHALTED_REF |  FIXC2  | 1069970 |
|       TEMP_CORE       |   TMP0  |     193 |
|     PWR_PKG_ENERGY    |   PWR0  |  0.0076 |
|     PWR_PP0_ENERGY    |   PWR1  |  0.0037 |
|     PWR_PP1_ENERGY    |   PWR2  |       0 |
|    PWR_DRAM_ENERGY    |   PWR3  |  0.0013 |
+-----------------------+---------+---------+

+----------------------+-----------+
|        Metric        |   Core 3  |
+----------------------+-----------+
|  Runtime (RDTSC) [s] |    0.0003 |
| Runtime unhalted [s] |    0.0003 |
|      Clock [MHz]     | 3790.9378 |
|          CPI         |    0.6483 |
|    Temperature [C]   |       193 |
|      Energy [J]      |    0.0076 |
|       Power [W]      |   24.3831 |
|    Energy PP0 [J]    |    0.0037 |
|     Power PP0 [W]    |   11.8989 |
|    Energy PP1 [J]    |         0 |
|     Power PP1 [W]    |         0 |
|    Energy DRAM [J]   |    0.0013 |
|    Power DRAM [W]    |    4.0964 |
+----------------------+-----------+

Region Mult_Mat_Mat, Group 1: ENERGY
+-------------------+----------+
|    Region Info    |  Core 3  |
+-------------------+----------+
| RDTSC Runtime [s] | 0.935379 |
|     call count    |        1 |
+-------------------+----------+

+-----------------------+---------+------------+
|         Event         | Counter |   Core 3   |
+-----------------------+---------+------------+
|   INSTR_RETIRED_ANY   |  FIXC0  | 5111929000 |
| CPU_CLK_UNHALTED_CORE |  FIXC1  | 3494259000 |
|  CPU_CLK_UNHALTED_REF |  FIXC2  | 3143965000 |
|       TEMP_CORE       |   TMP0  |        198 |
|     PWR_PKG_ENERGY    |   PWR0  |     7.6373 |
|     PWR_PP0_ENERGY    |   PWR1  |     7.4157 |
|     PWR_PP1_ENERGY    |   PWR2  |     0.0037 |
|    PWR_DRAM_ENERGY    |   PWR3  |     0.7385 |
+-----------------------+---------+------------+

+----------------------+-----------+
|        Metric        |   Core 3  |
+----------------------+-----------+
|  Runtime (RDTSC) [s] |    0.9354 |
| Runtime unhalted [s] |    1.0253 |
|      Clock [MHz]     | 3787.6916 |
|          CPI         |    0.6835 |
|    Temperature [C]   |       198 |
|      Energy [J]      |    7.6373 |
|       Power [W]      |    8.1650 |
|    Energy PP0 [J]    |    7.4157 |
|     Power PP0 [W]    |    7.9280 |
|    Energy PP1 [J]    |    0.0037 |
|     Power PP1 [W]    |    0.0039 |
|    Energy DRAM [J]   |    0.7385 |
|    Power DRAM [W]    |    0.7895 |
+----------------------+-----------+

Region Mult_Mat_Mat_Opt, Group 1: ENERGY
+-------------------+----------+
|    Region Info    |  Core 3  |
+-------------------+----------+
| RDTSC Runtime [s] | 0.237617 |
|     call count    |        1 |
+-------------------+----------+

+-----------------------+---------+------------+
|         Event         | Counter |   Core 3   |
+-----------------------+---------+------------+
|   INSTR_RETIRED_ANY   |  FIXC0  | 1800491000 |
| CPU_CLK_UNHALTED_CORE |  FIXC1  |  884755800 |
|  CPU_CLK_UNHALTED_REF |  FIXC2  |  795472200 |
|       TEMP_CORE       |   TMP0  |        201 |
|     PWR_PKG_ENERGY    |   PWR0  |     2.3102 |
|     PWR_PP0_ENERGY    |   PWR1  |     2.2659 |
|     PWR_PP1_ENERGY    |   PWR2  |          0 |
|    PWR_DRAM_ENERGY    |   PWR3  |     0.2305 |
+-----------------------+---------+------------+

+----------------------+-----------+
|        Metric        |   Core 3  |
+----------------------+-----------+
|  Runtime (RDTSC) [s] |    0.2376 |
| Runtime unhalted [s] |    0.2596 |
|      Clock [MHz]     | 3790.4924 |
|          CPI         |    0.4914 |
|    Temperature [C]   |       201 |
|      Energy [J]      |    2.3102 |
|       Power [W]      |    9.7225 |
|    Energy PP0 [J]    |    2.2659 |
|     Power PP0 [W]    |    9.5361 |
|    Energy PP1 [J]    |         0 |
|     Power PP1 [W]    |         0 |
|    Energy DRAM [J]   |    0.2305 |
|    Power DRAM [W]    |    0.9699 |
+----------------------+-----------+

