--------------------------------------------------------------------------------
CPU name:	Intel(R) Core(TM) i5-7500 CPU @ 3.40GHz
CPU type:	Intel Coffeelake processor
CPU clock:	3.41 GHz
--------------------------------------------------------------------------------
Std_TempoMatVet 
0.003400
Opt_TempoMatVet 
0.001999
Std_TempoMatMat 
0.211320
Opt_TempoMatMat 
0.059840
--------------------------------------------------------------------------------
Region Mult_Mat_Vet, Group 1: FLOPS_DP
+-------------------+----------+
|    Region Info    |  Core 3  |
+-------------------+----------+
| RDTSC Runtime [s] | 0.000012 |
|     call count    |        1 |
+-------------------+----------+

+------------------------------------------+---------+--------+
|                   Event                  | Counter | Core 3 |
+------------------------------------------+---------+--------+
|             INSTR_RETIRED_ANY            |  FIXC0  |  21924 |
|           CPU_CLK_UNHALTED_CORE          |  FIXC1  |  43697 |
|           CPU_CLK_UNHALTED_REF           |  FIXC2  |  39192 |
| FP_ARITH_INST_RETIRED_128B_PACKED_DOUBLE |   PMC0  |      0 |
|    FP_ARITH_INST_RETIRED_SCALAR_DOUBLE   |   PMC1  |   4113 |
| FP_ARITH_INST_RETIRED_256B_PACKED_DOUBLE |   PMC2  |   1024 |
+------------------------------------------+---------+--------+

+----------------------+--------------+
|        Metric        |    Core 3    |
+----------------------+--------------+
|  Runtime (RDTSC) [s] | 1.160739e-05 |
| Runtime unhalted [s] | 1.282189e-05 |
|      Clock [MHz]     |    3799.7402 |
|          CPI         |       1.9931 |
|      DP MFLOP/s      |     707.2219 |
|    AVX DP MFLOP/s    |     352.8786 |
|    Packed MUOPS/s    |      88.2197 |
|    Scalar MUOPS/s    |     354.3432 |
|  Vectorization ratio |      19.9338 |
+----------------------+--------------+

Region Mult_Mat_Vet_Opt, Group 1: FLOPS_DP
+-------------------+----------+
|    Region Info    |  Core 3  |
+-------------------+----------+
| RDTSC Runtime [s] | 0.000003 |
|     call count    |        1 |
+-------------------+----------+

+------------------------------------------+---------+--------+
|                   Event                  | Counter | Core 3 |
+------------------------------------------+---------+--------+
|             INSTR_RETIRED_ANY            |  FIXC0  |  15538 |
|           CPU_CLK_UNHALTED_CORE          |  FIXC1  |  20708 |
|           CPU_CLK_UNHALTED_REF           |  FIXC2  |  18744 |
| FP_ARITH_INST_RETIRED_128B_PACKED_DOUBLE |   PMC0  |      0 |
|    FP_ARITH_INST_RETIRED_SCALAR_DOUBLE   |   PMC1  |   4113 |
| FP_ARITH_INST_RETIRED_256B_PACKED_DOUBLE |   PMC2  |   1024 |
+------------------------------------------+---------+--------+

+----------------------+--------------+
|        Metric        |    Core 3    |
+----------------------+--------------+
|  Runtime (RDTSC) [s] | 3.215962e-06 |
| Runtime unhalted [s] | 6.076289e-06 |
|      Clock [MHz]     |    3765.0920 |
|          CPI         |       1.3327 |
|      DP MFLOP/s      |    2552.5799 |
|    AVX DP MFLOP/s    |    1273.6469 |
|    Packed MUOPS/s    |     318.4117 |
|    Scalar MUOPS/s    |    1278.9330 |
|  Vectorization ratio |      19.9338 |
+----------------------+--------------+

Region Mult_Mat_Mat, Group 1: FLOPS_DP
+-------------------+----------+
|    Region Info    |  Core 3  |
+-------------------+----------+
| RDTSC Runtime [s] | 0.000213 |
|     call count    |        1 |
+-------------------+----------+

+------------------------------------------+---------+---------+
|                   Event                  | Counter |  Core 3 |
+------------------------------------------+---------+---------+
|             INSTR_RETIRED_ANY            |  FIXC0  | 1886548 |
|           CPU_CLK_UNHALTED_CORE          |  FIXC1  |  795911 |
|           CPU_CLK_UNHALTED_REF           |  FIXC2  |  715822 |
| FP_ARITH_INST_RETIRED_128B_PACKED_DOUBLE |   PMC0  |       0 |
|    FP_ARITH_INST_RETIRED_SCALAR_DOUBLE   |   PMC1  |  524305 |
| FP_ARITH_INST_RETIRED_256B_PACKED_DOUBLE |   PMC2  |       0 |
+------------------------------------------+---------+---------+

+----------------------+-----------+
|        Metric        |   Core 3  |
+----------------------+-----------+
|  Runtime (RDTSC) [s] |    0.0002 |
| Runtime unhalted [s] |    0.0002 |
|      Clock [MHz]     | 3789.3016 |
|          CPI         |    0.4219 |
|      DP MFLOP/s      | 2467.0518 |
|    AVX DP MFLOP/s    |         0 |
|    Packed MUOPS/s    |         0 |
|    Scalar MUOPS/s    | 2467.0518 |
|  Vectorization ratio |         0 |
+----------------------+-----------+

Region Mult_Mat_Mat_Opt, Group 1: FLOPS_DP
+-------------------+----------+
|    Region Info    |  Core 3  |
+-------------------+----------+
| RDTSC Runtime [s] | 0.000061 |
|     call count    |        1 |
+-------------------+----------+

+------------------------------------------+---------+--------+
|                   Event                  | Counter | Core 3 |
+------------------------------------------+---------+--------+
|             INSTR_RETIRED_ANY            |  FIXC0  | 657044 |
|           CPU_CLK_UNHALTED_CORE          |  FIXC1  | 221495 |
|           CPU_CLK_UNHALTED_REF           |  FIXC2  | 199368 |
| FP_ARITH_INST_RETIRED_128B_PACKED_DOUBLE |   PMC0  |      0 |
|    FP_ARITH_INST_RETIRED_SCALAR_DOUBLE   |   PMC1  | 524305 |
| FP_ARITH_INST_RETIRED_256B_PACKED_DOUBLE |   PMC2  |      0 |
+------------------------------------------+---------+--------+

+----------------------+-----------+
|        Metric        |   Core 3  |
+----------------------+-----------+
|  Runtime (RDTSC) [s] |    0.0001 |
| Runtime unhalted [s] |    0.0001 |
|      Clock [MHz]     | 3786.2404 |
|          CPI         |    0.3371 |
|      DP MFLOP/s      | 8602.2813 |
|    AVX DP MFLOP/s    |         0 |
|    Packed MUOPS/s    |         0 |
|    Scalar MUOPS/s    | 8602.2813 |
|  Vectorization ratio |         0 |
+----------------------+-----------+

