--------------------------------------------------------------------------------
CPU name:	Intel(R) Core(TM) i5-7500 CPU @ 3.40GHz
CPU type:	Intel Coffeelake processor
CPU clock:	3.41 GHz
--------------------------------------------------------------------------------
Std_TempoMatVet 
0.008239
Opt_TempoMatVet 
0.004456
Std_TempoMatMat 
0.909550
Opt_TempoMatMat 
0.231700
--------------------------------------------------------------------------------
Region Mult_Mat_Vet, Group 1: FLOPS_DP
+-------------------+----------+
|    Region Info    |  Core 3  |
+-------------------+----------+
| RDTSC Runtime [s] | 0.000018 |
|     call count    |        1 |
+-------------------+----------+

+------------------------------------------+---------+--------+
|                   Event                  | Counter | Core 3 |
+------------------------------------------+---------+--------+
|             INSTR_RETIRED_ANY            |  FIXC0  |  40487 |
|           CPU_CLK_UNHALTED_CORE          |  FIXC1  |  64129 |
|           CPU_CLK_UNHALTED_REF           |  FIXC2  |  57510 |
| FP_ARITH_INST_RETIRED_128B_PACKED_DOUBLE |   PMC0  |      0 |
|    FP_ARITH_INST_RETIRED_SCALAR_DOUBLE   |   PMC1  |  10017 |
| FP_ARITH_INST_RETIRED_256B_PACKED_DOUBLE |   PMC2  |   2500 |
+------------------------------------------+---------+--------+

+----------------------+--------------+
|        Metric        |    Core 3    |
+----------------------+--------------+
|  Runtime (RDTSC) [s] | 1.804681e-05 |
| Runtime unhalted [s] | 1.881720e-05 |
|      Clock [MHz]     |    3800.2364 |
|          CPI         |       1.5839 |
|      DP MFLOP/s      |    1109.1711 |
|    AVX DP MFLOP/s    |     554.1145 |
|    Packed MUOPS/s    |     138.5286 |
|    Scalar MUOPS/s    |     555.0565 |
|  Vectorization ratio |      19.9728 |
+----------------------+--------------+

Region Mult_Mat_Vet_Opt, Group 1: FLOPS_DP
+-------------------+----------+
|    Region Info    |  Core 3  |
+-------------------+----------+
| RDTSC Runtime [s] | 0.000006 |
|     call count    |        1 |
+-------------------+----------+

+------------------------------------------+---------+--------+
|                   Event                  | Counter | Core 3 |
+------------------------------------------+---------+--------+
|             INSTR_RETIRED_ANY            |  FIXC0  |  29143 |
|           CPU_CLK_UNHALTED_CORE          |  FIXC1  |  30769 |
|           CPU_CLK_UNHALTED_REF           |  FIXC2  |  27264 |
| FP_ARITH_INST_RETIRED_128B_PACKED_DOUBLE |   PMC0  |      0 |
|    FP_ARITH_INST_RETIRED_SCALAR_DOUBLE   |   PMC1  |  10017 |
| FP_ARITH_INST_RETIRED_256B_PACKED_DOUBLE |   PMC2  |   2500 |
+------------------------------------------+---------+--------+

+----------------------+--------------+
|        Metric        |    Core 3    |
+----------------------+--------------+
|  Runtime (RDTSC) [s] | 5.619666e-06 |
| Runtime unhalted [s] | 9.028464e-06 |
|      Clock [MHz]     |    3846.1244 |
|          CPI         |       1.0558 |
|      DP MFLOP/s      |    3561.9555 |
|    AVX DP MFLOP/s    |    1779.4652 |
|    Packed MUOPS/s    |     444.8663 |
|    Scalar MUOPS/s    |    1782.4903 |
|  Vectorization ratio |      19.9728 |
+----------------------+--------------+

Region Mult_Mat_Mat, Group 1: FLOPS_DP
+-------------------+----------+
|    Region Info    |  Core 3  |
+-------------------+----------+
| RDTSC Runtime [s] | 0.000911 |
|     call count    |        1 |
+-------------------+----------+

+------------------------------------------+---------+---------+
|                   Event                  | Counter |  Core 3 |
+------------------------------------------+---------+---------+
|             INSTR_RETIRED_ANY            |  FIXC0  | 7116843 |
|           CPU_CLK_UNHALTED_CORE          |  FIXC1  | 3419661 |
|           CPU_CLK_UNHALTED_REF           |  FIXC2  | 3073732 |
| FP_ARITH_INST_RETIRED_128B_PACKED_DOUBLE |   PMC0  |       0 |
|    FP_ARITH_INST_RETIRED_SCALAR_DOUBLE   |   PMC1  | 2000017 |
| FP_ARITH_INST_RETIRED_256B_PACKED_DOUBLE |   PMC2  |       0 |
+------------------------------------------+---------+---------+

+----------------------+-----------+
|        Metric        |   Core 3  |
+----------------------+-----------+
|  Runtime (RDTSC) [s] |    0.0009 |
| Runtime unhalted [s] |    0.0010 |
|      Clock [MHz]     | 3791.5481 |
|          CPI         |    0.4805 |
|      DP MFLOP/s      | 2194.8650 |
|    AVX DP MFLOP/s    |         0 |
|    Packed MUOPS/s    |         0 |
|    Scalar MUOPS/s    | 2194.8650 |
|  Vectorization ratio |         0 |
+----------------------+-----------+

Region Mult_Mat_Mat_Opt, Group 1: FLOPS_DP
+-------------------+----------+
|    Region Info    |  Core 3  |
+-------------------+----------+
| RDTSC Runtime [s] | 0.000233 |
|     call count    |        1 |
+-------------------+----------+

+------------------------------------------+---------+---------+
|                   Event                  | Counter |  Core 3 |
+------------------------------------------+---------+---------+
|             INSTR_RETIRED_ANY            |  FIXC0  | 2484258 |
|           CPU_CLK_UNHALTED_CORE          |  FIXC1  |  834307 |
|           CPU_CLK_UNHALTED_REF           |  FIXC2  |  750044 |
| FP_ARITH_INST_RETIRED_128B_PACKED_DOUBLE |   PMC0  |       0 |
|    FP_ARITH_INST_RETIRED_SCALAR_DOUBLE   |   PMC1  | 2000017 |
| FP_ARITH_INST_RETIRED_256B_PACKED_DOUBLE |   PMC2  |       0 |
+------------------------------------------+---------+---------+

+----------------------+-----------+
|        Metric        |   Core 3  |
+----------------------+-----------+
|  Runtime (RDTSC) [s] |    0.0002 |
| Runtime unhalted [s] |    0.0002 |
|      Clock [MHz]     | 3790.8680 |
|          CPI         |    0.3358 |
|      DP MFLOP/s      | 8582.7546 |
|    AVX DP MFLOP/s    |         0 |
|    Packed MUOPS/s    |         0 |
|    Scalar MUOPS/s    | 8582.7546 |
|  Vectorization ratio |         0 |
+----------------------+-----------+

