--------------------------------------------------------------------------------
CPU name:	Intel(R) Core(TM) i5-7500 CPU @ 3.40GHz
CPU type:	Intel Coffeelake processor
CPU clock:	3.41 GHz
--------------------------------------------------------------------------------
Std_TempoMatVet 
0.362603
Opt_TempoMatVet 
0.205876
Std_TempoMatMat 
235.589042
Opt_TempoMatMat 
62.124547
--------------------------------------------------------------------------------
Region Mult_Mat_Vet, Group 1: FLOPS_DP
+-------------------+----------+
|    Region Info    |  Core 3  |
+-------------------+----------+
| RDTSC Runtime [s] | 0.000371 |
|     call count    |        1 |
+-------------------+----------+

+------------------------------------------+---------+---------+
|                   Event                  | Counter |  Core 3 |
+------------------------------------------+---------+---------+
|             INSTR_RETIRED_ANY            |  FIXC0  | 1098845 |
|           CPU_CLK_UNHALTED_CORE          |  FIXC1  | 1401379 |
|           CPU_CLK_UNHALTED_REF           |  FIXC2  | 1259682 |
| FP_ARITH_INST_RETIRED_128B_PACKED_DOUBLE |   PMC0  |       0 |
|    FP_ARITH_INST_RETIRED_SCALAR_DOUBLE   |   PMC1  |  360017 |
| FP_ARITH_INST_RETIRED_256B_PACKED_DOUBLE |   PMC2  |   90000 |
+------------------------------------------+---------+---------+

+----------------------+-----------+
|        Metric        |   Core 3  |
+----------------------+-----------+
|  Runtime (RDTSC) [s] |    0.0004 |
| Runtime unhalted [s] |    0.0004 |
|      Clock [MHz]     | 3791.3279 |
|          CPI         |    1.2753 |
|      DP MFLOP/s      | 1940.2012 |
|    AVX DP MFLOP/s    |  970.0777 |
|    Packed MUOPS/s    |  242.5194 |
|    Scalar MUOPS/s    |  970.1235 |
|  Vectorization ratio |   19.9992 |
+----------------------+-----------+

Region Mult_Mat_Vet_Opt, Group 1: FLOPS_DP
+-------------------+----------+
|    Region Info    |  Core 3  |
+-------------------+----------+
| RDTSC Runtime [s] | 0.000207 |
|     call count    |        1 |
+-------------------+----------+

+------------------------------------------+---------+--------+
|                   Event                  | Counter | Core 3 |
+------------------------------------------+---------+--------+
|             INSTR_RETIRED_ANY            |  FIXC0  | 820648 |
|           CPU_CLK_UNHALTED_CORE          |  FIXC1  | 613385 |
|           CPU_CLK_UNHALTED_REF           |  FIXC2  | 562320 |
| FP_ARITH_INST_RETIRED_128B_PACKED_DOUBLE |   PMC0  |      0 |
|    FP_ARITH_INST_RETIRED_SCALAR_DOUBLE   |   PMC1  | 360017 |
| FP_ARITH_INST_RETIRED_256B_PACKED_DOUBLE |   PMC2  |  90000 |
+------------------------------------------+---------+--------+

+----------------------+-----------+
|        Metric        |   Core 3  |
+----------------------+-----------+
|  Runtime (RDTSC) [s] |    0.0002 |
| Runtime unhalted [s] |    0.0002 |
|      Clock [MHz]     | 3717.4599 |
|          CPI         |    0.7474 |
|      DP MFLOP/s      | 3474.2360 |
|    AVX DP MFLOP/s    | 1737.0770 |
|    Packed MUOPS/s    |  434.2692 |
|    Scalar MUOPS/s    | 1737.1590 |
|  Vectorization ratio |   19.9992 |
+----------------------+-----------+

Region Mult_Mat_Mat, Group 1: FLOPS_DP
+-------------------+----------+
|    Region Info    |  Core 3  |
+-------------------+----------+
| RDTSC Runtime [s] | 0.235592 |
|     call count    |        1 |
+-------------------+----------+

+------------------------------------------+---------+------------+
|                   Event                  | Counter |   Core 3   |
+------------------------------------------+---------+------------+
|             INSTR_RETIRED_ANY            |  FIXC0  | 1515974000 |
|           CPU_CLK_UNHALTED_CORE          |  FIXC1  |  873332900 |
|           CPU_CLK_UNHALTED_REF           |  FIXC2  |  788025000 |
| FP_ARITH_INST_RETIRED_128B_PACKED_DOUBLE |   PMC0  |          0 |
|    FP_ARITH_INST_RETIRED_SCALAR_DOUBLE   |   PMC1  |  432000000 |
| FP_ARITH_INST_RETIRED_256B_PACKED_DOUBLE |   PMC2  |          0 |
+------------------------------------------+---------+------------+

+----------------------+-----------+
|        Metric        |   Core 3  |
+----------------------+-----------+
|  Runtime (RDTSC) [s] |    0.2356 |
| Runtime unhalted [s] |    0.2563 |
|      Clock [MHz]     | 3776.9087 |
|          CPI         |    0.5761 |
|      DP MFLOP/s      | 1833.6762 |
|    AVX DP MFLOP/s    |         0 |
|    Packed MUOPS/s    |         0 |
|    Scalar MUOPS/s    | 1833.6762 |
|  Vectorization ratio |         0 |
+----------------------+-----------+

Region Mult_Mat_Mat_Opt, Group 1: FLOPS_DP
+-------------------+----------+
|    Region Info    |  Core 3  |
+-------------------+----------+
| RDTSC Runtime [s] | 0.062128 |
|     call count    |        1 |
+-------------------+----------+

+------------------------------------------+---------+-----------+
|                   Event                  | Counter |   Core 3  |
+------------------------------------------+---------+-----------+
|             INSTR_RETIRED_ANY            |  FIXC0  | 533597700 |
|           CPU_CLK_UNHALTED_CORE          |  FIXC1  | 228652500 |
|           CPU_CLK_UNHALTED_REF           |  FIXC2  | 205662000 |
| FP_ARITH_INST_RETIRED_128B_PACKED_DOUBLE |   PMC0  |         0 |
|    FP_ARITH_INST_RETIRED_SCALAR_DOUBLE   |   PMC1  | 432000000 |
| FP_ARITH_INST_RETIRED_256B_PACKED_DOUBLE |   PMC2  |         0 |
+------------------------------------------+---------+-----------+

+----------------------+-----------+
|        Metric        |   Core 3  |
+----------------------+-----------+
|  Runtime (RDTSC) [s] |    0.0621 |
| Runtime unhalted [s] |    0.0671 |
|      Clock [MHz]     | 3788.9473 |
|          CPI         |    0.4285 |
|      DP MFLOP/s      | 6953.3698 |
|    AVX DP MFLOP/s    |         0 |
|    Packed MUOPS/s    |         0 |
|    Scalar MUOPS/s    | 6953.3698 |
|  Vectorization ratio |         0 |
+----------------------+-----------+

