--------------------------------------------------------------------------------
CPU name:	Intel(R) Core(TM) i5-7500 CPU @ 3.40GHz
CPU type:	Intel Coffeelake processor
CPU clock:	3.41 GHz
--------------------------------------------------------------------------------
Std_TempoMatVet 
17.110143
Opt_TempoMatVet 
5.314605
Std_TempoMatMat 
124398.051939
Opt_TempoMatMat 
33055.975680
--------------------------------------------------------------------------------
Region Mult_Mat_Vet, Group 1: L2CACHE
+-------------------+----------+
|    Region Info    |  Core 3  |
+-------------------+----------+
| RDTSC Runtime [s] | 0.017120 |
|     call count    |        1 |
+-------------------+----------+

+-----------------------+---------+----------+
|         Event         | Counter |  Core 3  |
+-----------------------+---------+----------+
|   INSTR_RETIRED_ANY   |  FIXC0  | 48077330 |
| CPU_CLK_UNHALTED_CORE |  FIXC1  | 64146500 |
|  CPU_CLK_UNHALTED_REF |  FIXC2  | 57671600 |
| L2_TRANS_ALL_REQUESTS |   PMC0  | 10821000 |
|     L2_RQSTS_MISS     |   PMC1  |  2675288 |
+-----------------------+---------+----------+

+----------------------+-----------+
|        Metric        |   Core 3  |
+----------------------+-----------+
|  Runtime (RDTSC) [s] |    0.0171 |
| Runtime unhalted [s] |    0.0188 |
|      Clock [MHz]     | 3790.6190 |
|          CPI         |    1.3342 |
|    L2 request rate   |    0.2251 |
|     L2 miss rate     |    0.0556 |
|     L2 miss ratio    |    0.2472 |
+----------------------+-----------+

Region Mult_Mat_Vet_Opt, Group 1: L2CACHE
+-------------------+----------+
|    Region Info    |  Core 3  |
+-------------------+----------+
| RDTSC Runtime [s] | 0.005316 |
|     call count    |        1 |
+-------------------+----------+

+-----------------------+---------+----------+
|         Event         | Counter |  Core 3  |
+-----------------------+---------+----------+
|   INSTR_RETIRED_ANY   |  FIXC0  | 36038430 |
| CPU_CLK_UNHALTED_CORE |  FIXC1  | 20018020 |
|  CPU_CLK_UNHALTED_REF |  FIXC2  | 17996940 |
| L2_TRANS_ALL_REQUESTS |   PMC0  | 10424060 |
|     L2_RQSTS_MISS     |   PMC1  |  3556079 |
+-----------------------+---------+----------+

+----------------------+-----------+
|        Metric        |   Core 3  |
+----------------------+-----------+
|  Runtime (RDTSC) [s] |    0.0053 |
| Runtime unhalted [s] |    0.0059 |
|      Clock [MHz]     | 3790.7193 |
|          CPI         |    0.5555 |
|    L2 request rate   |    0.2892 |
|     L2 miss rate     |    0.0987 |
|     L2 miss ratio    |    0.3411 |
+----------------------+-----------+

Region Mult_Mat_Mat, Group 1: L2CACHE
+-------------------+------------+
|    Region Info    |   Core 3   |
+-------------------+------------+
| RDTSC Runtime [s] | 124.397800 |
|     call count    |          1 |
+-------------------+------------+

+-----------------------+---------+--------------+
|         Event         | Counter |    Core 3    |
+-----------------------+---------+--------------+
|   INSTR_RETIRED_ANY   |  FIXC0  | 448176100000 |
| CPU_CLK_UNHALTED_CORE |  FIXC1  | 465175300000 |
|  CPU_CLK_UNHALTED_REF |  FIXC2  | 419202600000 |
| L2_TRANS_ALL_REQUESTS |   PMC0  | 159439900000 |
|     L2_RQSTS_MISS     |   PMC1  |  73615880000 |
+-----------------------+---------+--------------+

+----------------------+-----------+
|        Metric        |   Core 3  |
+----------------------+-----------+
|  Runtime (RDTSC) [s] |  124.3978 |
| Runtime unhalted [s] |  136.4952 |
|      Clock [MHz]     | 3781.7416 |
|          CPI         |    1.0379 |
|    L2 request rate   |    0.3558 |
|     L2 miss rate     |    0.1643 |
|     L2 miss ratio    |    0.4617 |
+----------------------+-----------+

Region Mult_Mat_Mat_Opt, Group 1: L2CACHE
+-------------------+-----------+
|    Region Info    |   Core 3  |
+-------------------+-----------+
| RDTSC Runtime [s] | 33.055920 |
|     call count    |         1 |
+-------------------+-----------+

+-----------------------+---------+--------------+
|         Event         | Counter |    Core 3    |
+-----------------------+---------+--------------+
|   INSTR_RETIRED_ANY   |  FIXC0  | 158015100000 |
| CPU_CLK_UNHALTED_CORE |  FIXC1  | 123198800000 |
|  CPU_CLK_UNHALTED_REF |  FIXC2  | 111053300000 |
| L2_TRANS_ALL_REQUESTS |   PMC0  |  47805090000 |
|     L2_RQSTS_MISS     |   PMC1  |  20683340000 |
+-----------------------+---------+--------------+

+----------------------+-----------+
|        Metric        |   Core 3  |
+----------------------+-----------+
|  Runtime (RDTSC) [s] |   33.0559 |
| Runtime unhalted [s] |   36.1499 |
|      Clock [MHz]     | 3780.7171 |
|          CPI         |    0.7797 |
|    L2 request rate   |    0.3025 |
|     L2 miss rate     |    0.1309 |
|     L2 miss ratio    |    0.4327 |
+----------------------+-----------+

