--------------------------------------------------------------------------------
CPU name:	Intel(R) Core(TM) i5-7500 CPU @ 3.40GHz
CPU type:	Intel Coffeelake processor
CPU clock:	3.41 GHz
--------------------------------------------------------------------------------
Std_TempoMatVet 
9.562338
Opt_TempoMatVet 
3.087042
Std_TempoMatMat 
44386.473241
Opt_TempoMatMat 
11792.941780
--------------------------------------------------------------------------------
Region Mult_Mat_Vet, Group 1: L2CACHE
+-------------------+----------+
|    Region Info    |  Core 3  |
+-------------------+----------+
| RDTSC Runtime [s] | 0.009571 |
|     call count    |        1 |
+-------------------+----------+

+-----------------------+---------+----------+
|         Event         | Counter |  Core 3  |
+-----------------------+---------+----------+
|   INSTR_RETIRED_ANY   |  FIXC0  | 27059590 |
| CPU_CLK_UNHALTED_CORE |  FIXC1  | 36028950 |
|  CPU_CLK_UNHALTED_REF |  FIXC2  | 32391620 |
| L2_TRANS_ALL_REQUESTS |   PMC0  |  6097557 |
|     L2_RQSTS_MISS     |   PMC1  |  1506255 |
+-----------------------+---------+----------+

+----------------------+-----------+
|        Metric        |   Core 3  |
+----------------------+-----------+
|  Runtime (RDTSC) [s] |    0.0096 |
| Runtime unhalted [s] |    0.0106 |
|      Clock [MHz]     | 3790.6859 |
|          CPI         |    1.3315 |
|    L2 request rate   |    0.2253 |
|     L2 miss rate     |    0.0557 |
|     L2 miss ratio    |    0.2470 |
+----------------------+-----------+

Region Mult_Mat_Vet_Opt, Group 1: L2CACHE
+-------------------+----------+
|    Region Info    |  Core 3  |
+-------------------+----------+
| RDTSC Runtime [s] | 0.003088 |
|     call count    |        1 |
+-------------------+----------+

+-----------------------+---------+----------+
|         Event         | Counter |  Core 3  |
+-----------------------+---------+----------+
|   INSTR_RETIRED_ANY   |  FIXC0  | 20280200 |
| CPU_CLK_UNHALTED_CORE |  FIXC1  | 11446020 |
|  CPU_CLK_UNHALTED_REF |  FIXC2  | 10289890 |
| L2_TRANS_ALL_REQUESTS |   PMC0  |  5521040 |
|     L2_RQSTS_MISS     |   PMC1  |  1809875 |
+-----------------------+---------+----------+

+----------------------+-----------+
|        Metric        |   Core 3  |
+----------------------+-----------+
|  Runtime (RDTSC) [s] |    0.0031 |
| Runtime unhalted [s] |    0.0034 |
|      Clock [MHz]     | 3790.9027 |
|          CPI         |    0.5644 |
|    L2 request rate   |    0.2722 |
|     L2 miss rate     |    0.0892 |
|     L2 miss ratio    |    0.3278 |
+----------------------+-----------+

Region Mult_Mat_Mat, Group 1: L2CACHE
+-------------------+-----------+
|    Region Info    |   Core 3  |
+-------------------+-----------+
| RDTSC Runtime [s] | 44.385970 |
|     call count    |         1 |
+-------------------+-----------+

+-----------------------+---------+--------------+
|         Event         | Counter |    Core 3    |
+-----------------------+---------+--------------+
|   INSTR_RETIRED_ANY   |  FIXC0  | 189099100000 |
| CPU_CLK_UNHALTED_CORE |  FIXC1  | 166043900000 |
|  CPU_CLK_UNHALTED_REF |  FIXC2  | 149553700000 |
| L2_TRANS_ALL_REQUESTS |   PMC0  |  56306720000 |
|     L2_RQSTS_MISS     |   PMC1  |  13838020000 |
+-----------------------+---------+--------------+

+----------------------+-----------+
|        Metric        |   Core 3  |
+----------------------+-----------+
|  Runtime (RDTSC) [s] |   44.3860 |
| Runtime unhalted [s] |   48.7219 |
|      Clock [MHz]     | 3783.7691 |
|          CPI         |    0.8781 |
|    L2 request rate   |    0.2978 |
|     L2 miss rate     |    0.0732 |
|     L2 miss ratio    |    0.2458 |
+----------------------+-----------+

Region Mult_Mat_Mat_Opt, Group 1: L2CACHE
+-------------------+-----------+
|    Region Info    |   Core 3  |
+-------------------+-----------+
| RDTSC Runtime [s] | 11.792810 |
|     call count    |         1 |
+-------------------+-----------+

+-----------------------+---------+-------------+
|         Event         | Counter |    Core 3   |
+-----------------------+---------+-------------+
|   INSTR_RETIRED_ANY   |  FIXC0  | 66664730000 |
| CPU_CLK_UNHALTED_CORE |  FIXC1  | 43853490000 |
|  CPU_CLK_UNHALTED_REF |  FIXC2  | 39540100000 |
| L2_TRANS_ALL_REQUESTS |   PMC0  | 19366980000 |
|     L2_RQSTS_MISS     |   PMC1  |  8792505000 |
+-----------------------+---------+-------------+

+----------------------+-----------+
|        Metric        |   Core 3  |
+----------------------+-----------+
|  Runtime (RDTSC) [s] |   11.7928 |
| Runtime unhalted [s] |   12.8678 |
|      Clock [MHz]     | 3779.7690 |
|          CPI         |    0.6578 |
|    L2 request rate   |    0.2905 |
|     L2 miss rate     |    0.1319 |
|     L2 miss ratio    |    0.4540 |
+----------------------+-----------+

